<?xml version="1.0" encoding="UTF-8"?>
<!-- Generated by org.testng.reporters.JUnitReportReporter -->
<testsuite skipped="0" hostname="DESKTOP-LD2LT4V" name="org.mma.mercury.tours.demo.MercuryToursFlightBooking" tests="1" failures="0" timestamp="2023-02-11T10:03:51 EST" time="129.804" errors="0">
  <testcase name="userRegisterTest" time="129.804" classname="org.mma.mercury.tours.demo.MercuryToursFlightBooking"/>
  <system-out/>
</testsuite> <!-- org.mma.mercury.tours.demo.MercuryToursFlightBooking -->
